Determining if the pthread_create exist failed with the following output:
Change Dir: /work/workspace/test/cpp/boost/study/asio-master/src/CMakeFiles/CMakeTmp

Run Build Command:/usr/bin/gmake "cmTryCompileExec3220552727/fast"
/usr/bin/gmake -f CMakeFiles/cmTryCompileExec3220552727.dir/build.make CMakeFiles/cmTryCompileExec3220552727.dir/build
gmake[1]: 进入目录“/work/workspace/test/cpp/boost/study/asio-master/src/CMakeFiles/CMakeTmp”
/usr/bin/cmake -E cmake_progress_report /work/workspace/test/cpp/boost/study/asio-master/src/CMakeFiles/CMakeTmp/CMakeFiles 1
Building C object CMakeFiles/cmTryCompileExec3220552727.dir/CheckSymbolExists.c.o
/usr/bin/cc    -o CMakeFiles/cmTryCompileExec3220552727.dir/CheckSymbolExists.c.o   -c /work/workspace/test/cpp/boost/study/asio-master/src/CMakeFiles/CMakeTmp/CheckSymbolExists.c
Linking C executable cmTryCompileExec3220552727
/usr/bin/cmake -E cmake_link_script CMakeFiles/cmTryCompileExec3220552727.dir/link.txt --verbose=1
/usr/bin/cc       CMakeFiles/cmTryCompileExec3220552727.dir/CheckSymbolExists.c.o  -o cmTryCompileExec3220552727 -rdynamic 
CMakeFiles/cmTryCompileExec3220552727.dir/CheckSymbolExists.c.o：在函数‘main’中：
CheckSymbolExists.c:(.text+0x16)：对‘pthread_create’未定义的引用
collect2: 错误：ld 返回 1
gmake[1]: 离开目录“/work/workspace/test/cpp/boost/study/asio-master/src/CMakeFiles/CMakeTmp”
gmake[1]: *** [cmTryCompileExec3220552727] 错误 1
gmake: *** [cmTryCompileExec3220552727/fast] 错误 2

File /work/workspace/test/cpp/boost/study/asio-master/src/CMakeFiles/CMakeTmp/CheckSymbolExists.c:
/* */
#include <pthread.h>

int main(int argc, char** argv)
{
  (void)argv;
#ifndef pthread_create
  return ((int*)(&pthread_create))[argc];
#else
  (void)argc;
  return 0;
#endif
}

Determining if the function pthread_create exists in the pthreads failed with the following output:
Change Dir: /work/workspace/test/cpp/boost/study/asio-master/src/CMakeFiles/CMakeTmp

Run Build Command:/usr/bin/gmake "cmTryCompileExec1994039305/fast"
/usr/bin/gmake -f CMakeFiles/cmTryCompileExec1994039305.dir/build.make CMakeFiles/cmTryCompileExec1994039305.dir/build
gmake[1]: 进入目录“/work/workspace/test/cpp/boost/study/asio-master/src/CMakeFiles/CMakeTmp”
/usr/bin/cmake -E cmake_progress_report /work/workspace/test/cpp/boost/study/asio-master/src/CMakeFiles/CMakeTmp/CMakeFiles 1
Building C object CMakeFiles/cmTryCompileExec1994039305.dir/CheckFunctionExists.c.o
/usr/bin/cc   -DCHECK_FUNCTION_EXISTS=pthread_create   -o CMakeFiles/cmTryCompileExec1994039305.dir/CheckFunctionExists.c.o   -c /usr/share/cmake/Modules/CheckFunctionExists.c
Linking C executable cmTryCompileExec1994039305
/usr/bin/cmake -E cmake_link_script CMakeFiles/cmTryCompileExec1994039305.dir/link.txt --verbose=1
/usr/bin/cc   -DCHECK_FUNCTION_EXISTS=pthread_create    CMakeFiles/cmTryCompileExec1994039305.dir/CheckFunctionExists.c.o  -o cmTryCompileExec1994039305 -rdynamic -lpthreads 
/usr/bin/ld: cannot find -lpthreads
collect2: 错误：ld 返回 1
gmake[1]: 离开目录“/work/workspace/test/cpp/boost/study/asio-master/src/CMakeFiles/CMakeTmp”
gmake[1]: *** [cmTryCompileExec1994039305] 错误 1
gmake: *** [cmTryCompileExec1994039305/fast] 错误 2


